d:\musicbygaku\10_dxlib_202408_jiikus\projects\01_brickbreaker_homework\00_funda.deaaed11\x64\debug\vc143.pdb
d:\musicbygaku\10_dxlib_202408_jiikus\projects\01_brickbreaker_homework\00_funda.deaaed11\x64\debug\vc143.idb
d:\musicbygaku\10_dxlib_202408_jiikus\projects\01_brickbreaker_homework\00_funda.deaaed11\x64\debug\gamedata.obj
d:\musicbygaku\10_dxlib_202408_jiikus\projects\01_brickbreaker_homework\00_funda.deaaed11\x64\debug\main.obj
d:\musicbygaku\10_dxlib_202408_jiikus\projects\01_brickbreaker_homework\00_funda.deaaed11\x64\debug\block.obj
d:\musicbygaku\10_dxlib_202408_jiikus\projects\01_brickbreaker_homework\00_funda.deaaed11\x64\debug\ball.obj
d:\musicbygaku\10_dxlib_202408_jiikus\projects\01_brickbreaker_homework\00_funda.deaaed11\x64\debug\bar.obj
d:\musicbygaku\10_dxlib_202408_jiikus\projects\01_brickbreaker_homework\x64\debug\00_fundament-project.exe
d:\musicbygaku\10_dxlib_202408_jiikus\projects\01_brickbreaker_homework\x64\debug\00_fundament-project.pdb
d:\musicbygaku\10_dxlib_202408_jiikus\projects\01_brickbreaker_homework\00_funda.deaaed11\x64\debug\00_fundament-project.ilk
d:\musicbygaku\10_dxlib_202408_jiikus\projects\01_brickbreaker_homework\00_funda.deaaed11\x64\debug\loadresource.obj
d:\musicbygaku\10_dxlib_202408_jiikus\projects\01_brickbreaker_homework\00_funda.deaaed11\x64\debug\loadscene.obj
d:\musicbygaku\10_dxlib_202408_jiikus\projects\01_brickbreaker_homework\00_funda.deaaed11\x64\debug\00_funda.deaaed11.tlog\cl.command.1.tlog
d:\musicbygaku\10_dxlib_202408_jiikus\projects\01_brickbreaker_homework\00_funda.deaaed11\x64\debug\00_funda.deaaed11.tlog\cl.items.tlog
d:\musicbygaku\10_dxlib_202408_jiikus\projects\01_brickbreaker_homework\00_funda.deaaed11\x64\debug\00_funda.deaaed11.tlog\cl.read.1.tlog
d:\musicbygaku\10_dxlib_202408_jiikus\projects\01_brickbreaker_homework\00_funda.deaaed11\x64\debug\00_funda.deaaed11.tlog\cl.write.1.tlog
d:\musicbygaku\10_dxlib_202408_jiikus\projects\01_brickbreaker_homework\00_funda.deaaed11\x64\debug\00_funda.deaaed11.tlog\link.command.1.tlog
d:\musicbygaku\10_dxlib_202408_jiikus\projects\01_brickbreaker_homework\00_funda.deaaed11\x64\debug\00_funda.deaaed11.tlog\link.read.1.tlog
d:\musicbygaku\10_dxlib_202408_jiikus\projects\01_brickbreaker_homework\00_funda.deaaed11\x64\debug\00_funda.deaaed11.tlog\link.secondary.1.tlog
d:\musicbygaku\10_dxlib_202408_jiikus\projects\01_brickbreaker_homework\00_funda.deaaed11\x64\debug\00_funda.deaaed11.tlog\link.write.1.tlog
